<?xml version="1.0" encoding="UTF-8"?>
<coverage generated="1508408169087" clover="3.2.0">
  <project timestamp="1508408169087" name="All files">
    <metrics statements="6" coveredstatements="5" conditionals="7" coveredconditionals="4" methods="1" coveredmethods="1" elements="14" coveredelements="10" complexity="0" loc="6" ncloc="6" packages="1" files="1" classes="1">
      <file name="sum.js" path="C:\Users\SoC16\Code\Testing\sum.js">
        <metrics statements="6" coveredstatements="5" conditionals="7" coveredconditionals="4" methods="1" coveredmethods="1"/>
        <line num="22" count="2" type="cond" truecount="2" falsecount="0"/>
        <line num="23" count="1" type="stmt"/>
        <line num="25" count="1" type="cond" truecount="2" falsecount="3"/>
        <line num="26" count="0" type="stmt"/>
        <line num="28" count="1" type="stmt"/>
        <line num="31" count="1" type="stmt"/>
      </file>
    </metrics>
  </project>
</coverage>
